<?xml version="1.0" encoding="UTF-8"?>
<!-- Generated by org.testng.reporters.JUnitReportReporter -->
<testsuite hostname="Sohails-Machine" failures="0" tests="1" name="org.mvnframework.k12.fugetronAssignment.RestAssuredTest" time="3.004" errors="0" timestamp="2021-09-02T13:22:06 IST" skipped="0">
  <testcase classname="org.mvnframework.k12.fugetronAssignment.RestAssuredTest" name="restAssured" time="3.004"/>
  <system-out/>
</testsuite> <!-- org.mvnframework.k12.fugetronAssignment.RestAssuredTest -->
