<?xml version="1.0" encoding="UTF-8"?>
<!-- Generated by org.testng.reporters.JUnitReportReporter -->
<testsuite hostname="Sohails-Machine" failures="0" tests="1" name="org.mvnframework.k12.fugetronAssignment.ConnectDBtest" time="0.788" errors="0" timestamp="2021-09-02T15:25:30 IST" skipped="0">
  <testcase classname="org.mvnframework.k12.fugetronAssignment.ConnectDBtest" name="jdbcConnect" time="0.788"/>
  <system-out/>
</testsuite> <!-- org.mvnframework.k12.fugetronAssignment.ConnectDBtest -->
