<?xml version="1.0" encoding="UTF-8"?>
<!-- Generated by org.testng.reporters.JUnitReportReporter -->
<testsuite skipped="0" hostname="Sohails-Machine" name="org.mvnframework.k12.fugetronAssignment.mmtTestClass" tests="1" failures="0" timestamp="2021-09-02T15:33:30 IST" time="10.083" errors="0">
  <testcase name="f" time="10.083" classname="org.mvnframework.k12.fugetronAssignment.mmtTestClass"/>
  <system-out/>
</testsuite> <!-- org.mvnframework.k12.fugetronAssignment.mmtTestClass -->
