<?xml version="1.0" encoding="UTF-8"?>
<!-- Generated by org.testng.reporters.JUnitReportReporter -->
<testsuite skipped="0" hostname="Sohails-Machine" name="org.mvnframework.k12.fugetronAssignment.ConnectDBtest" tests="1" failures="0" timestamp="2021-09-02T15:33:30 IST" time="0.399" errors="0">
  <testcase name="jdbcConnect" time="0.399" classname="org.mvnframework.k12.fugetronAssignment.ConnectDBtest"/>
  <system-out/>
</testsuite> <!-- org.mvnframework.k12.fugetronAssignment.ConnectDBtest -->
